<?xml version="1.0" encoding="UTF-8"?>
<testng-results ignored="0" total="1" passed="1" failed="0" skipped="0">
  <reporter-output>
  </reporter-output>
  <suite started-at="2024-02-15T14:52:30 CST" name="Default suite" finished-at="2024-02-15T14:52:36 CST" duration-ms="5945">
    <groups>
    </groups>
    <test started-at="2024-02-15T14:52:30 CST" name="Default test" finished-at="2024-02-15T14:52:36 CST" duration-ms="5945">
      <class name="com.demoqa.RadioButtonTest">
        <test-method is-config="true" signature="InitDriver()[pri:0, instance:com.demoqa.RadioButtonTest@38d8f54a]" started-at="2024-02-15T14:52:30 CST" name="InitDriver" finished-at="2024-02-15T14:52:33 CST" duration-ms="2373" status="PASS">
          <reporter-output>
          </reporter-output>
        </test-method> <!-- InitDriver -->
        <test-method signature="FillRadioButton()[pri:0, instance:com.demoqa.RadioButtonTest@38d8f54a]" started-at="2024-02-15T14:52:33 CST" name="FillRadioButton" finished-at="2024-02-15T14:52:36 CST" duration-ms="3331" status="PASS">
          <reporter-output>
          </reporter-output>
        </test-method> <!-- FillRadioButton -->
        <test-method is-config="true" signature="TearDown()[pri:0, instance:com.demoqa.RadioButtonTest@38d8f54a]" started-at="2024-02-15T14:52:36 CST" name="TearDown" finished-at="2024-02-15T14:52:36 CST" duration-ms="181" status="PASS">
          <reporter-output>
          </reporter-output>
        </test-method> <!-- TearDown -->
      </class> <!-- com.demoqa.RadioButtonTest -->
    </test> <!-- Default test -->
  </suite> <!-- Default suite -->
</testng-results>
